Error: The current element is already in the table! float
Error: The current element is already in the table! int
Error: The current element is already in the table! void
Key Words Table Contents: 
1 : ReservedWord: alignas Type: 1 Lexeme Code: 10 Lexeme Type Size: 224 (string)
2 : ReservedWord: alignof Type: 1 Lexeme Code: 10 Lexeme Type Size: 224 (string)
3 : ReservedWord: and Type: 1 Lexeme Code: 10 Lexeme Type Size: 96 (string)
4 : ReservedWord: and_eq Type: 1 Lexeme Code: 10 Lexeme Type Size: 192 (string)
5 : ReservedWord: asm Type: 1 Lexeme Code: 10 Lexeme Type Size: 96 (string)
6 : ReservedWord: auto Type: 1 Lexeme Code: 10 Lexeme Type Size: 128 (string)
7 : ReservedWord: bitand Type: 1 Lexeme Code: 10 Lexeme Type Size: 192 (string)
8 : ReservedWord: bitor Type: 1 Lexeme Code: 10 Lexeme Type Size: 160 (string)
9 : ReservedWord: bool Type: 1 Lexeme Code: 10 Lexeme Type Size: 128 (string)
10 : ReservedWord: break Type: 1 Lexeme Code: 10 Lexeme Type Size: 160 (string)
11 : ReservedWord: case Type: 1 Lexeme Code: 10 Lexeme Type Size: 128 (string)
12 : ReservedWord: catch Type: 1 Lexeme Code: 10 Lexeme Type Size: 160 (string)
13 : ReservedWord: char16_t Type: 1 Lexeme Code: 10 Lexeme Type Size: 256 (string)
14 : ReservedWord: char32_t Type: 1 Lexeme Code: 10 Lexeme Type Size: 256 (string)
15 : ReservedWord: char8_t Type: 1 Lexeme Code: 10 Lexeme Type Size: 224 (string)
16 : ReservedWord: class Type: 1 Lexeme Code: 10 Lexeme Type Size: 160 (string)
17 : ReservedWord: co_await Type: 1 Lexeme Code: 10 Lexeme Type Size: 256 (string)
18 : ReservedWord: co_return Type: 1 Lexeme Code: 10 Lexeme Type Size: 288 (string)
19 : ReservedWord: co_yield Type: 1 Lexeme Code: 10 Lexeme Type Size: 256 (string)
20 : ReservedWord: compl Type: 1 Lexeme Code: 10 Lexeme Type Size: 160 (string)
21 : ReservedWord: concept Type: 1 Lexeme Code: 10 Lexeme Type Size: 224 (string)
22 : ReservedWord: const Type: 1 Lexeme Code: 10 Lexeme Type Size: 160 (string)
23 : ReservedWord: const_cast Type: 1 Lexeme Code: 10 Lexeme Type Size: 320 (string)
24 : ReservedWord: consteval Type: 1 Lexeme Code: 10 Lexeme Type Size: 288 (string)
25 : ReservedWord: constexpr Type: 1 Lexeme Code: 10 Lexeme Type Size: 288 (string)
26 : ReservedWord: constinit Type: 1 Lexeme Code: 10 Lexeme Type Size: 288 (string)
27 : ReservedWord: continue Type: 1 Lexeme Code: 10 Lexeme Type Size: 256 (string)
28 : ReservedWord: decltype Type: 1 Lexeme Code: 10 Lexeme Type Size: 256 (string)
29 : ReservedWord: default Type: 1 Lexeme Code: 10 Lexeme Type Size: 224 (string)
30 : ReservedWord: delete Type: 1 Lexeme Code: 10 Lexeme Type Size: 192 (string)
31 : ReservedWord: do Type: 1 Lexeme Code: 10 Lexeme Type Size: 64 (string)
32 : ReservedWord: double Type: 1 Lexeme Code: 10 Lexeme Type Size: 192 (string)
33 : ReservedWord: dynamic_cast Type: 1 Lexeme Code: 10 Lexeme Type Size: 384 (string)
34 : ReservedWord: else Type: 1 Lexeme Code: 10 Lexeme Type Size: 128 (string)
35 : ReservedWord: enum Type: 1 Lexeme Code: 10 Lexeme Type Size: 128 (string)
36 : ReservedWord: explicit Type: 1 Lexeme Code: 10 Lexeme Type Size: 256 (string)
37 : ReservedWord: export Type: 1 Lexeme Code: 10 Lexeme Type Size: 192 (string)
38 : ReservedWord: extern Type: 1 Lexeme Code: 10 Lexeme Type Size: 192 (string)
39 : ReservedWord: false Type: 1 Lexeme Code: 10 Lexeme Type Size: 160 (string)
40 : ReservedWord: float Type: 1 Lexeme Code: 10 Lexeme Type Size: 160 (string)
41 : ReservedWord: for Type: 1 Lexeme Code: 10 Lexeme Type Size: 96 (string)
42 : ReservedWord: friend Type: 1 Lexeme Code: 10 Lexeme Type Size: 192 (string)
43 : ReservedWord: goto Type: 1 Lexeme Code: 10 Lexeme Type Size: 128 (string)
44 : ReservedWord: if Type: 1 Lexeme Code: 10 Lexeme Type Size: 64 (string)
45 : ReservedWord: inline Type: 1 Lexeme Code: 10 Lexeme Type Size: 192 (string)
46 : ReservedWord: int Type: 1 Lexeme Code: 10 Lexeme Type Size: 96 (string)
47 : ReservedWord: long Type: 1 Lexeme Code: 10 Lexeme Type Size: 128 (string)
48 : ReservedWord: main Type: 1 Lexeme Code: 10 Lexeme Type Size: 128 (string)
49 : ReservedWord: mutable Type: 1 Lexeme Code: 10 Lexeme Type Size: 224 (string)
50 : ReservedWord: namespace Type: 1 Lexeme Code: 10 Lexeme Type Size: 288 (string)
51 : ReservedWord: new Type: 1 Lexeme Code: 10 Lexeme Type Size: 96 (string)
52 : ReservedWord: noexcept Type: 1 Lexeme Code: 10 Lexeme Type Size: 256 (string)
53 : ReservedWord: not Type: 1 Lexeme Code: 10 Lexeme Type Size: 96 (string)
54 : ReservedWord: not_eq Type: 1 Lexeme Code: 10 Lexeme Type Size: 192 (string)
55 : ReservedWord: nullptr Type: 1 Lexeme Code: 10 Lexeme Type Size: 224 (string)
56 : ReservedWord: operator Type: 1 Lexeme Code: 10 Lexeme Type Size: 256 (string)
57 : ReservedWord: or Type: 1 Lexeme Code: 10 Lexeme Type Size: 64 (string)
58 : ReservedWord: or_eq Type: 1 Lexeme Code: 10 Lexeme Type Size: 160 (string)
59 : ReservedWord: private Type: 1 Lexeme Code: 10 Lexeme Type Size: 224 (string)
60 : ReservedWord: protected Type: 1 Lexeme Code: 10 Lexeme Type Size: 288 (string)
61 : ReservedWord: public Type: 1 Lexeme Code: 10 Lexeme Type Size: 192 (string)
62 : ReservedWord: reflexpr Type: 1 Lexeme Code: 10 Lexeme Type Size: 256 (string)
63 : ReservedWord: register Type: 1 Lexeme Code: 10 Lexeme Type Size: 256 (string)
64 : ReservedWord: reinterpret_cast Type: 1 Lexeme Code: 10 Lexeme Type Size: 512 (string)
65 : ReservedWord: requires Type: 1 Lexeme Code: 10 Lexeme Type Size: 256 (string)
66 : ReservedWord: return Type: 1 Lexeme Code: 10 Lexeme Type Size: 192 (string)
67 : ReservedWord: short Type: 1 Lexeme Code: 10 Lexeme Type Size: 160 (string)
68 : ReservedWord: signed Type: 1 Lexeme Code: 10 Lexeme Type Size: 192 (string)
69 : ReservedWord: sizeof Type: 1 Lexeme Code: 10 Lexeme Type Size: 192 (string)
70 : ReservedWord: static Type: 1 Lexeme Code: 10 Lexeme Type Size: 192 (string)
71 : ReservedWord: static_assert Type: 1 Lexeme Code: 10 Lexeme Type Size: 416 (string)
72 : ReservedWord: static_cast Type: 1 Lexeme Code: 10 Lexeme Type Size: 352 (string)
73 : ReservedWord: struct Type: 1 Lexeme Code: 10 Lexeme Type Size: 192 (string)
74 : ReservedWord: switch Type: 1 Lexeme Code: 10 Lexeme Type Size: 192 (string)
75 : ReservedWord: synchronized Type: 1 Lexeme Code: 10 Lexeme Type Size: 384 (string)
76 : ReservedWord: template Type: 1 Lexeme Code: 10 Lexeme Type Size: 256 (string)
77 : ReservedWord: this Type: 1 Lexeme Code: 10 Lexeme Type Size: 128 (string)
78 : ReservedWord: thread_local Type: 1 Lexeme Code: 10 Lexeme Type Size: 384 (string)
79 : ReservedWord: throw Type: 1 Lexeme Code: 10 Lexeme Type Size: 160 (string)
80 : ReservedWord: true Type: 1 Lexeme Code: 10 Lexeme Type Size: 128 (string)
81 : ReservedWord: try Type: 1 Lexeme Code: 10 Lexeme Type Size: 96 (string)
82 : ReservedWord: typedef Type: 1 Lexeme Code: 10 Lexeme Type Size: 224 (string)
83 : ReservedWord: typeid Type: 1 Lexeme Code: 10 Lexeme Type Size: 192 (string)
84 : ReservedWord: typename Type: 1 Lexeme Code: 10 Lexeme Type Size: 256 (string)
85 : ReservedWord: union Type: 1 Lexeme Code: 10 Lexeme Type Size: 160 (string)
86 : ReservedWord: unsigned Type: 1 Lexeme Code: 10 Lexeme Type Size: 256 (string)
87 : ReservedWord: using Type: 1 Lexeme Code: 10 Lexeme Type Size: 160 (string)
88 : ReservedWord: virtual Type: 1 Lexeme Code: 10 Lexeme Type Size: 224 (string)
89 : ReservedWord: void Type: 1 Lexeme Code: 10 Lexeme Type Size: 128 (string)
90 : ReservedWord: volatile Type: 1 Lexeme Code: 10 Lexeme Type Size: 256 (string)
91 : ReservedWord: wchar_t Type: 1 Lexeme Code: 10 Lexeme Type Size: 224 (string)
92 : ReservedWord: while Type: 1 Lexeme Code: 10 Lexeme Type Size: 160 (string)
93 : ReservedWord: xor Type: 1 Lexeme Code: 10 Lexeme Type Size: 96 (string)
94 : ReservedWord: xor_eq Type: 1 Lexeme Code: 10 Lexeme Type Size: 192 (string)
Type index for search: Finding element at index 5
Symbol: auto
Lexeme Type: ReservedWord
Lexeme Code: 10
Lexeme Type Size: 128
Contains 'void': 1
Contains 'Unknown': 0
Index of 'static_assert': 70
