Separators Table Contents: 
1 : Operator: ! Type: 2 Lexeme Code: 20 Lexeme Type Size: 1 (char)
2 : Operator: != Type: 2 Lexeme Code: 20 Lexeme Type Size: 64 (string)
3 : Separator: " Type: 3 Lexeme Code: 20 Lexeme Type Size: 1 (char)
4 : Separator: # Type: 3 Lexeme Code: 20 Lexeme Type Size: 1 (char)
5 : Operator: % Type: 2 Lexeme Code: 20 Lexeme Type Size: 1 (char)
6 : Operator: %= Type: 2 Lexeme Code: 20 Lexeme Type Size: 64 (string)
7 : Operator: & Type: 2 Lexeme Code: 20 Lexeme Type Size: 1 (char)
8 : Operator: && Type: 2 Lexeme Code: 20 Lexeme Type Size: 64 (string)
9 : Operator: &= Type: 2 Lexeme Code: 20 Lexeme Type Size: 64 (string)
10 : Separator: ' Type: 3 Lexeme Code: 20 Lexeme Type Size: 1 (char)
11 : Separator: ( Type: 3 Lexeme Code: 20 Lexeme Type Size: 1 (char)
12 : Separator: ) Type: 3 Lexeme Code: 20 Lexeme Type Size: 1 (char)
13 : Operator: * Type: 2 Lexeme Code: 20 Lexeme Type Size: 1 (char)
14 : Operator: *= Type: 2 Lexeme Code: 20 Lexeme Type Size: 64 (string)
15 : Operator: + Type: 2 Lexeme Code: 20 Lexeme Type Size: 1 (char)
16 : Operator: ++ Type: 2 Lexeme Code: 20 Lexeme Type Size: 64 (string)
17 : Operator: += Type: 2 Lexeme Code: 20 Lexeme Type Size: 64 (string)
18 : Operator: , Type: 2 Lexeme Code: 20 Lexeme Type Size: 1 (char)
19 : Operator: - Type: 2 Lexeme Code: 20 Lexeme Type Size: 1 (char)
20 : Operator: -- Type: 2 Lexeme Code: 20 Lexeme Type Size: 64 (string)
21 : Operator: -= Type: 2 Lexeme Code: 20 Lexeme Type Size: 64 (string)
22 : Operator: ->* Type: 2 Lexeme Code: 20 Lexeme Type Size: 96 (string)
23 : Separator: . Type: 3 Lexeme Code: 20 Lexeme Type Size: 1 (char)
24 : Operator: .* Type: 2 Lexeme Code: 20 Lexeme Type Size: 64 (string)
25 : Separator: ... Type: 3 Lexeme Code: 20 Lexeme Type Size: 96 (string)
26 : Operator: / Type: 2 Lexeme Code: 20 Lexeme Type Size: 1 (char)
27 : Operator: /= Type: 2 Lexeme Code: 20 Lexeme Type Size: 64 (string)
28 : Separator: : Type: 3 Lexeme Code: 20 Lexeme Type Size: 1 (char)
29 : Operator: :: Type: 2 Lexeme Code: 20 Lexeme Type Size: 64 (string)
30 : Separator: ; Type: 3 Lexeme Code: 20 Lexeme Type Size: 1 (char)
31 : Operator: < Type: 2 Lexeme Code: 20 Lexeme Type Size: 1 (char)
32 : Operator: << Type: 2 Lexeme Code: 20 Lexeme Type Size: 64 (string)
33 : Operator: <<= Type: 2 Lexeme Code: 20 Lexeme Type Size: 96 (string)
34 : Operator: <= Type: 2 Lexeme Code: 20 Lexeme Type Size: 64 (string)
35 : Operator: = Type: 2 Lexeme Code: 20 Lexeme Type Size: 1 (char)
36 : Operator: == Type: 2 Lexeme Code: 20 Lexeme Type Size: 64 (string)
37 : Operator: > Type: 2 Lexeme Code: 20 Lexeme Type Size: 1 (char)
38 : Operator: >= Type: 2 Lexeme Code: 20 Lexeme Type Size: 64 (string)
39 : Operator: >> Type: 2 Lexeme Code: 20 Lexeme Type Size: 64 (string)
40 : Operator: >>= Type: 2 Lexeme Code: 20 Lexeme Type Size: 96 (string)
41 : Separator: [ Type: 3 Lexeme Code: 20 Lexeme Type Size: 1 (char)
42 : Separator: ] Type: 3 Lexeme Code: 20 Lexeme Type Size: 1 (char)
43 : Operator: ^ Type: 2 Lexeme Code: 20 Lexeme Type Size: 1 (char)
44 : Operator: ^= Type: 2 Lexeme Code: 20 Lexeme Type Size: 64 (string)
45 : Separator: { Type: 3 Lexeme Code: 20 Lexeme Type Size: 1 (char)
46 : Operator: | Type: 2 Lexeme Code: 20 Lexeme Type Size: 1 (char)
47 : Operator: |= Type: 2 Lexeme Code: 20 Lexeme Type Size: 64 (string)
48 : Operator: || Type: 2 Lexeme Code: 20 Lexeme Type Size: 64 (string)
49 : Separator: } Type: 3 Lexeme Code: 20 Lexeme Type Size: 1 (char)
50 : Operator: ~ Type: 2 Lexeme Code: 20 Lexeme Type Size: 1 (char)
Contains '::': 1
Index of '%': 4
Lexeme code of '.*': 20
